<?xml version="1.0" encoding="UTF-8"?>
<!-- Generated by org.testng.reporters.JUnitReportReporter -->
<testsuite hostname="HASSEN-HP" failures="0" tests="1" name="com.RestAssured.PostRequestUsingPojo" time="4.500" errors="0" timestamp="2023-03-01T20:57:37 EST" skipped="0">
  <testcase classname="com.RestAssured.PostRequestUsingPojo" name="pojoTest" time="4.500"/>
  <system-out/>
</testsuite> <!-- com.RestAssured.PostRequestUsingPojo -->
