<?xml version="1.0" encoding="UTF-8"?>
<!-- Generated by org.testng.reporters.JUnitReportReporter -->
<testsuite hostname="HASSEN-HP" failures="0" tests="1" name="com.RestAssured.GetRequest" time="2.986" errors="0" timestamp="2023-03-01T18:02:41 EST" skipped="0">
  <testcase classname="com.RestAssured.GetRequest" name="getTest" time="2.986"/>
  <system-out/>
</testsuite> <!-- com.RestAssured.GetRequest -->
