<?xml version="1.0" encoding="UTF-8"?>
<!-- Generated by org.testng.reporters.JUnitReportReporter -->
<testsuite hostname="HASSEN-HP" failures="0" tests="1" name="com.RestAssured.PostRequest" time="3.023" errors="0" timestamp="2023-03-01T18:06:00 EST" skipped="0">
  <testcase classname="com.RestAssured.PostRequest" name="postTest" time="3.023"/>
  <system-out/>
</testsuite> <!-- com.RestAssured.PostRequest -->
