<?xml version="1.0" encoding="UTF-8"?>
<!-- Generated by org.testng.reporters.JUnitReportReporter -->
<testsuite hostname="HASSEN-HP" failures="0" tests="1" name="com.restassured.BuilderDesingPatternTest" time="0.017" errors="0" timestamp="2023-03-06T15:57:29 EST" skipped="0">
  <testcase classname="com.restassured.BuilderDesingPatternTest" name="builderTest3" time="0.017"/>
  <system-out/>
</testsuite> <!-- com.restassured.BuilderDesingPatternTest -->
