<?xml version="1.0" encoding="UTF-8"?>
<!-- Generated by org.testng.reporters.JUnitReportReporter -->
<testsuite hostname="HASSEN-HP" failures="0" tests="1" name="com.restassured.BuilderDesingPatternTest" time="0.012" errors="0" timestamp="2023-03-06T15:36:42 EST" skipped="0">
  <testcase classname="com.restassured.BuilderDesingPatternTest" name="builderTest" time="0.012"/>
  <system-out/>
</testsuite> <!-- com.restassured.BuilderDesingPatternTest -->
